
> francis@0.3.0 prod /home/ubuntu/francis
> nodemon -w src --exec "babel-node src --presets es2015,stage-0"

[33m[nodemon] 1.18.4[39m
[33m[nodemon] to restart at any time, enter `rs`[39m
[33m[nodemon] watching: /home/ubuntu/francis/src/**/*[39m
[32m[nodemon] starting `babel-node src --presets es2015,stage-0`[39m
events.js:183
      throw er; // Unhandled 'error' event
      ^

Error: EBADF: bad file descriptor, read
npm ERR! code ELIFECYCLE
npm ERR! errno 1
npm ERR! francis@0.3.0 prod: `nodemon -w src --exec "babel-node src --presets es2015,stage-0"`
npm ERR! Exit status 1
npm ERR! 
npm ERR! Failed at the francis@0.3.0 prod script.
npm ERR! This is probably not a problem with npm. There is likely additional logging output above.

npm ERR! A complete log of this run can be found in:
npm ERR!     /home/ubuntu/.npm/_logs/2018-09-06T18_41_48_622Z-debug.log
Started on port 8081
[0mGET /logs [33m404 [0m7.748 ms - 224[0m
Error: ENOENT: no such file or directory, stat '/home/ubuntu/francis/src/public/logs.out'
