
> francis@0.3.0 prod /home/ubuntu/francis
> nodemon -w src --exec "babel-node src --presets es2015,stage-0"

[33m[nodemon] 1.18.4[39m
[33m[nodemon] to restart at any time, enter `rs`[39m
[33m[nodemon] watching: /home/ubuntu/francis/src/**/*[39m
[32m[nodemon] starting `babel-node src --presets es2015,stage-0`[39m
events.js:183
      throw er; // Unhandled 'error' event
      ^

Error: EBADF: bad file descriptor, read
npm ERR! code ELIFECYCLE
npm ERR! errno 1
npm ERR! francis@0.3.0 prod: `nodemon -w src --exec "babel-node src --presets es2015,stage-0"`
npm ERR! Exit status 1
npm ERR! 
npm ERR! Failed at the francis@0.3.0 prod script.
npm ERR! This is probably not a problem with npm. There is likely additional logging output above.

npm ERR! A complete log of this run can be found in:
npm ERR!     /home/ubuntu/.npm/_logs/2018-09-06T18_42_30_909Z-debug.log
Started on port 8081
[0mGET /logs [32m200 [0m8.053 ms - 895[0m
[0mGET /logs [32m200 [0m1.218 ms - 941[0m
[0mGET /createReport [36m304 [0m1.438 ms - -[0m
[0mGET /api/templates [36m304 [0m2.286 ms - -[0m
[0mGET / [32m200 [0m1.260 ms - 2357[0m
[0mGET /createReport [36m304 [0m0.499 ms - -[0m
[0mGET /api/templates [36m304 [0m0.620 ms - -[0m
body { template: 'invoiceTemplate.docx',
  outputFileName: 'game',
  placeHolders: 
   { name: 'Company name',
     address: 'Company address',
     city: 'New York',
     province: 'New York',
     postal: '48593',
     phone: '(444) 234 2343',
     invoice: '#1534',
     invoiceDate: '03/23/2018',
     tname: 'Table name',
     tage: 'e.g. 253' },
  outputPDFBool: true }
SUCCESS ON CREATE REPORT
[0mPOST /api/reports [32m200 [0m2672.753 ms - 42[0m
[0mGET /report/game.pdf [32m200 [0m1.284 ms - 74657[0m
[0mGET /createReport [36m304 [0m0.963 ms - -[0m
[0mGET /api/templates [36m304 [0m0.593 ms - -[0m
[0mGET /createReport [36m304 [0m0.505 ms - -[0m
[0mGET /api/templates [36m304 [0m0.473 ms - -[0m
[0mPOST /HNAP1/ [33m401 [0m0.754 ms - 12[0m
[0mHEAD /createReport [33m401 [0m0.342 ms - 12[0m
[0mGET /createReport [33m401 [0m0.351 ms - 12[0m
[0mGET /createReport [32m200 [0m0.695 ms - 5939[0m
[0mGET /api/templates [36m304 [0m0.485 ms - -[0m
body { template: 'invoiceTemplate.docx',
  outputFileName: 'tttt',
  placeHolders: 
   { name: 'Company name',
     address: 'Company address',
     city: 'New York',
     province: 'New York',
     postal: '48593',
     phone: '(444) 234 2343',
     invoice: '#1534',
     invoiceDate: '03/23/2018',
     tname: 'Table name',
     tage: 'e.g. 253' },
  outputPDFBool: true }
SUCCESS ON CREATE REPORT
[0mPOST /api/reports [32m200 [0m556.764 ms - 42[0m
[0mGET /report/tttt.pdf [32m200 [0m0.698 ms - 74657[0m
[0mGET /pma/scripts/setup.php [0m- [0m- ms - -[0m
[0mPOST /HNAP1/ [33m401 [0m0.402 ms - 12[0m
[0mPOST /HNAP1/ [33m401 [0m0.384 ms - 12[0m
